# JRE version: OpenJDK Runtime Environment Temurin-17.0.5+8 (17.0.5+8) (build 17.0.5+8)
# Java VM: OpenJDK 64-Bit Server VM Temurin-17.0.5+8 (17.0.5+8, mixed mode, tiered, compressed oops, compressed class ptrs, parallel gc, linux-amd64)
GC Precious Log:
 CPUs: 2 total, 2 available
 Memory: 1992M
 Large Page Support: Disabled
 NUMA Support: Disabled
 Compressed Oops: Enabled (32-bit)
 Alignments: Space 512K, Generation 512K, Heap 2M
 Heap Min Capacity: 100M
 Heap Initial Capacity: 100M
 Heap Max Capacity: 1G
 Pre-touch: Disabled
 Parallel Workers: 2
Heap:
 PSYoungGen      total 28160K, used 0K [0x00000000eab00000, 0x00000000ecc00000, 0x0000000100000000)
  eden space 25088K, 0% used [0x00000000eab00000,0x00000000eab00000,0x00000000ec380000)
  from space 3072K, 0% used [0x00000000ec600000,0x00000000ec600000,0x00000000ec900000)
  to   space 2560K, 0% used [0x00000000ec980000,0x00000000ec980000,0x00000000ecc00000)
 ParOldGen       total 92672K, used 91768K [0x00000000c0000000, 0x00000000c5a80000, 0x00000000eab00000)
  object space 92672K, 99% used [0x00000000c0000000,0x00000000c599e1b8,0x00000000c5a80000)
 Metaspace       used 49769K, committed 50688K, reserved 1097728K
  class space    used 5343K, committed 5760K, reserved 1048576K
GC Heap History (20 events):
Event: 27.195 GC heap after
{Heap after GC invocations=41 (full 3):
 PSYoungGen      total 19968K, used 1945K [0x00000000eab00000, 0x00000000ec100000, 0x0000000100000000)
  eden space 17408K, 0% used [0x00000000eab00000,0x00000000eab00000,0x00000000ebc00000)
  from space 2560K, 75% used [0x00000000ebc00000,0x00000000ebde6470,0x00000000ebe80000)
  to   space 2560K, 0% used [0x00000000ebe80000,0x00000000ebe80000,0x00000000ec100000)
 ParOldGen       total 89088K, used 65638K [0x00000000c0000000, 0x00000000c5700000, 0x00000000eab00000)
  object space 89088K, 73% used [0x00000000c0000000,0x00000000c40199c8,0x00000000c5700000)
 Metaspace       used 49687K, committed 50624K, reserved 1097728K
  class space    used 5332K, committed 5760K, reserved 1048576K
}
Event: 27.375 GC heap before
{Heap before GC invocations=42 (full 3):
 PSYoungGen      total 19968K, used 19353K [0x00000000eab00000, 0x00000000ec100000, 0x0000000100000000)
  eden space 17408K, 100% used [0x00000000eab00000,0x00000000ebc00000,0x00000000ebc00000)
  from space 2560K, 75% used [0x00000000ebc00000,0x00000000ebde6470,0x00000000ebe80000)
  to   space 2560K, 0% used [0x00000000ebe80000,0x00000000ebe80000,0x00000000ec100000)
 ParOldGen       total 89088K, used 65638K [0x00000000c0000000, 0x00000000c5700000, 0x00000000eab00000)
  object space 89088K, 73% used [0x00000000c0000000,0x00000000c40199c8,0x00000000c5700000)
 Metaspace       used 49690K, committed 50624K, reserved 1097728K
  class space    used 5332K, committed 5760K, reserved 1048576K
}
Event: 27.681 GC heap after
{Heap after GC invocations=42 (full 3):
 PSYoungGen      total 20480K, used 2016K [0x00000000eab00000, 0x00000000ec480000, 0x0000000100000000)
  eden space 17920K, 0% used [0x00000000eab00000,0x00000000eab00000,0x00000000ebc80000)
  from space 2560K, 78% used [0x00000000ebe80000,0x00000000ec078000,0x00000000ec100000)
  to   space 2048K, 0% used [0x00000000ebc80000,0x00000000ebc80000,0x00000000ebe80000)
 ParOldGen       total 89088K, used 67567K [0x00000000c0000000, 0x00000000c5700000, 0x00000000eab00000)
  object space 89088K, 75% used [0x00000000c0000000,0x00000000c41fbe38,0x00000000c5700000)
 Metaspace       used 49690K, committed 50624K, reserved 1097728K
  class space    used 5332K, committed 5760K, reserved 1048576K
}
Event: 27.927 GC heap before
{Heap before GC invocations=43 (full 3):
 PSYoungGen      total 20480K, used 19936K [0x00000000eab00000, 0x00000000ec480000, 0x0000000100000000)
  eden space 17920K, 100% used [0x00000000eab00000,0x00000000ebc80000,0x00000000ebc80000)
  from space 2560K, 78% used [0x00000000ebe80000,0x00000000ec078000,0x00000000ec100000)
  to   space 2048K, 0% used [0x00000000ebc80000,0x00000000ebc80000,0x00000000ebe80000)
 ParOldGen       total 89088K, used 67567K [0x00000000c0000000, 0x00000000c5700000, 0x00000000eab00000)
  object space 89088K, 75% used [0x00000000c0000000,0x00000000c41fbe38,0x00000000c5700000)
 Metaspace       used 49690K, committed 50624K, reserved 1097728K
  class space    used 5332K, committed 5760K, reserved 1048576K
}
Event: 28.495 GC heap after
{Heap after GC invocations=43 (full 3):
 PSYoungGen      total 19968K, used 2048K [0x00000000eab00000, 0x00000000eca00000, 0x0000000100000000)
  eden space 17920K, 0% used [0x00000000eab00000,0x00000000eab00000,0x00000000ebc80000)
  from space 2048K, 100% used [0x00000000ebc80000,0x00000000ebe80000,0x00000000ebe80000)
  to   space 4608K, 0% used [0x00000000ec580000,0x00000000ec580000,0x00000000eca00000)
 ParOldGen       total 89088K, used 69715K [0x00000000c0000000, 0x00000000c5700000, 0x00000000eab00000)
  object space 89088K, 78% used [0x00000000c0000000,0x00000000c4414e70,0x00000000c5700000)
 Metaspace       used 49690K, committed 50624K, reserved 1097728K
  class space    used 5332K, committed 5760K, reserved 1048576K
}
Event: 29.538 GC heap before
{Heap before GC invocations=44 (full 3):
 PSYoungGen      total 19968K, used 19968K [0x00000000eab00000, 0x00000000eca00000, 0x0000000100000000)
  eden space 17920K, 100% used [0x00000000eab00000,0x00000000ebc80000,0x00000000ebc80000)
  from space 2048K, 100% used [0x00000000ebc80000,0x00000000ebe80000,0x00000000ebe80000)
  to   space 4608K, 0% used [0x00000000ec580000,0x00000000ec580000,0x00000000eca00000)
 ParOldGen       total 89088K, used 69715K [0x00000000c0000000, 0x00000000c5700000, 0x00000000eab00000)
  object space 89088K, 78% used [0x00000000c0000000,0x00000000c4414e70,0x00000000c5700000)
 Metaspace       used 49690K, committed 50624K, reserved 1097728K
  class space    used 5332K, committed 5760K, reserved 1048576K
}
Event: 29.686 GC heap after
{Heap after GC invocations=44 (full 3):
 PSYoungGen      total 24576K, used 2176K [0x00000000eab00000, 0x00000000ec800000, 0x0000000100000000)
  eden space 22016K, 0% used [0x00000000eab00000,0x00000000eab00000,0x00000000ec080000)
  from space 2560K, 85% used [0x00000000ec580000,0x00000000ec7a0000,0x00000000ec800000)
  to   space 3072K, 0% used [0x00000000ec200000,0x00000000ec200000,0x00000000ec500000)
 ParOldGen       total 89088K, used 71755K [0x00000000c0000000, 0x00000000c5700000, 0x00000000eab00000)
  object space 89088K, 80% used [0x00000000c0000000,0x00000000c4612e70,0x00000000c5700000)
 Metaspace       used 49690K, committed 50624K, reserved 1097728K
  class space    used 5332K, committed 5760K, reserved 1048576K
}
Event: 31.097 GC heap before
{Heap before GC invocations=45 (full 3):
 PSYoungGen      total 24576K, used 24192K [0x00000000eab00000, 0x00000000ec800000, 0x0000000100000000)
  eden space 22016K, 100% used [0x00000000eab00000,0x00000000ec080000,0x00000000ec080000)
  from space 2560K, 85% used [0x00000000ec580000,0x00000000ec7a0000,0x00000000ec800000)
  to   space 3072K, 0% used [0x00000000ec200000,0x00000000ec200000,0x00000000ec500000)
 ParOldGen       total 89088K, used 71755K [0x00000000c0000000, 0x00000000c5700000, 0x00000000eab00000)
  object space 89088K, 80% used [0x00000000c0000000,0x00000000c4612e70,0x00000000c5700000)
 Metaspace       used 49700K, committed 50624K, reserved 1097728K
  class space    used 5334K, committed 5760K, reserved 1048576K
}
Event: 31.543 GC heap after
{Heap after GC invocations=45 (full 3):
 PSYoungGen      total 26624K, used 2720K [0x00000000eab00000, 0x00000000ecb80000, 0x0000000100000000)
  eden space 23552K, 0% used [0x00000000eab00000,0x00000000eab00000,0x00000000ec200000)
  from space 3072K, 88% used [0x00000000ec200000,0x00000000ec4a8000,0x00000000ec500000)
  to   space 3072K, 0% used [0x00000000ec880000,0x00000000ec880000,0x00000000ecb80000)
 ParOldGen       total 89088K, used 73931K [0x00000000c0000000, 0x00000000c5700000, 0x00000000eab00000)
  object space 89088K, 82% used [0x00000000c0000000,0x00000000c4832e80,0x00000000c5700000)
 Metaspace       used 49700K, committed 50624K, reserved 1097728K
  class space    used 5334K, committed 5760K, reserved 1048576K
}
Event: 43.588 GC heap before
{Heap before GC invocations=46 (full 3):
 PSYoungGen      total 26624K, used 26272K [0x00000000eab00000, 0x00000000ecb80000, 0x0000000100000000)
  eden space 23552K, 100% used [0x00000000eab00000,0x00000000ec200000,0x00000000ec200000)
  from space 3072K, 88% used [0x00000000ec200000,0x00000000ec4a8000,0x00000000ec500000)
  to   space 3072K, 0% used [0x00000000ec880000,0x00000000ec880000,0x00000000ecb80000)
 ParOldGen       total 89088K, used 73931K [0x00000000c0000000, 0x00000000c5700000, 0x00000000eab00000)
  object space 89088K, 82% used [0x00000000c0000000,0x00000000c4832e80,0x00000000c5700000)
 Metaspace       used 49710K, committed 50624K, reserved 1097728K
  class space    used 5336K, committed 5760K, reserved 1048576K
}
Event: 44.444 GC heap after
{Heap after GC invocations=46 (full 3):
 PSYoungGen      total 30208K, used 2752K [0x00000000eab00000, 0x00000000ecd00000, 0x0000000100000000)
  eden space 27136K, 0% used [0x00000000eab00000,0x00000000eab00000,0x00000000ec580000)
  from space 3072K, 89% used [0x00000000ec880000,0x00000000ecb30000,0x00000000ecb80000)
  to   space 3072K, 0% used [0x00000000ec580000,0x00000000ec580000,0x00000000ec880000)
 ParOldGen       total 89088K, used 76659K [0x00000000c0000000, 0x00000000c5700000, 0x00000000eab00000)
  object space 89088K, 86% used [0x00000000c0000000,0x00000000c4adce80,0x00000000c5700000)
 Metaspace       used 49710K, committed 50624K, reserved 1097728K
  class space    used 5336K, committed 5760K, reserved 1048576K
}
Event: 52.217 GC heap before
{Heap before GC invocations=47 (full 3):
 PSYoungGen      total 30208K, used 29888K [0x00000000eab00000, 0x00000000ecd00000, 0x0000000100000000)
  eden space 27136K, 100% used [0x00000000eab00000,0x00000000ec580000,0x00000000ec580000)
  from space 3072K, 89% used [0x00000000ec880000,0x00000000ecb30000,0x00000000ecb80000)
  to   space 3072K, 0% used [0x00000000ec580000,0x00000000ec580000,0x00000000ec880000)
 ParOldGen       total 89088K, used 76659K [0x00000000c0000000, 0x00000000c5700000, 0x00000000eab00000)
  object space 89088K, 86% used [0x00000000c0000000,0x00000000c4adce80,0x00000000c5700000)
 Metaspace       used 49730K, committed 50688K, reserved 1097728K
  class space    used 5338K, committed 5760K, reserved 1048576K
}
Event: 52.984 GC heap after
{Heap after GC invocations=47 (full 3):
 PSYoungGen      total 29696K, used 3072K [0x00000000eab00000, 0x00000000ed200000, 0x0000000100000000)
  eden space 26624K, 0% used [0x00000000eab00000,0x00000000eab00000,0x00000000ec500000)
  from space 3072K, 100% used [0x00000000ec580000,0x00000000ec880000,0x00000000ec880000)
  to   space 6656K, 0% used [0x00000000ecb80000,0x00000000ecb80000,0x00000000ed200000)
 ParOldGen       total 89088K, used 79601K [0x00000000c0000000, 0x00000000c5700000, 0x00000000eab00000)
  object space 89088K, 89% used [0x00000000c0000000,0x00000000c4dbc660,0x00000000c5700000)
 Metaspace       used 49730K, committed 50688K, reserved 1097728K
  class space    used 5338K, committed 5760K, reserved 1048576K
}
Event: 55.202 GC heap before
{Heap before GC invocations=48 (full 3):
 PSYoungGen      total 29696K, used 29696K [0x00000000eab00000, 0x00000000ed200000, 0x0000000100000000)
  eden space 26624K, 100% used [0x00000000eab00000,0x00000000ec500000,0x00000000ec500000)
  from space 3072K, 100% used [0x00000000ec580000,0x00000000ec880000,0x00000000ec880000)
  to   space 6656K, 0% used [0x00000000ecb80000,0x00000000ecb80000,0x00000000ed200000)
 ParOldGen       total 89088K, used 79601K [0x00000000c0000000, 0x00000000c5700000, 0x00000000eab00000)
  object space 89088K, 89% used [0x00000000c0000000,0x00000000c4dbc660,0x00000000c5700000)
 Metaspace       used 49747K, committed 50688K, reserved 1097728K
  class space    used 5340K, committed 5760K, reserved 1048576K
}
Event: 55.590 GC heap after
{Heap after GC invocations=48 (full 3):
 PSYoungGen      total 29184K, used 2928K [0x00000000eab00000, 0x00000000ece80000, 0x0000000100000000)
  eden space 26112K, 0% used [0x00000000eab00000,0x00000000eab00000,0x00000000ec480000)
  from space 3072K, 95% used [0x00000000ecb80000,0x00000000ece5c010,0x00000000ece80000)
  to   space 4096K, 0% used [0x00000000ec680000,0x00000000ec680000,0x00000000eca80000)
 ParOldGen       total 89088K, used 82689K [0x00000000c0000000, 0x00000000c5700000, 0x00000000eab00000)
  object space 89088K, 92% used [0x00000000c0000000,0x00000000c50c0660,0x00000000c5700000)
 Metaspace       used 49747K, committed 50688K, reserved 1097728K
  class space    used 5340K, committed 5760K, reserved 1048576K
}
Event: 60.508 GC heap before
{Heap before GC invocations=49 (full 3):
 PSYoungGen      total 29184K, used 29040K [0x00000000eab00000, 0x00000000ece80000, 0x0000000100000000)
  eden space 26112K, 100% used [0x00000000eab00000,0x00000000ec480000,0x00000000ec480000)
  from space 3072K, 95% used [0x00000000ecb80000,0x00000000ece5c010,0x00000000ece80000)
  to   space 4096K, 0% used [0x00000000ec680000,0x00000000ec680000,0x00000000eca80000)
 ParOldGen       total 89088K, used 82689K [0x00000000c0000000, 0x00000000c5700000, 0x00000000eab00000)
  object space 89088K, 92% used [0x00000000c0000000,0x00000000c50c0660,0x00000000c5700000)
 Metaspace       used 49748K, committed 50688K, reserved 1097728K
  class space    used 5340K, committed 5760K, reserved 1048576K
}
Event: 61.824 GC heap after
{Heap after GC invocations=49 (full 3):
 PSYoungGen      total 28672K, used 2912K [0x00000000eab00000, 0x00000000ecc00000, 0x0000000100000000)
  eden space 25600K, 0% used [0x00000000eab00000,0x00000000eab00000,0x00000000ec400000)
  from space 3072K, 94% used [0x00000000ec680000,0x00000000ec958000,0x00000000ec980000)
  to   space 2560K, 0% used [0x00000000ec980000,0x00000000ec980000,0x00000000ecc00000)
 ParOldGen       total 89088K, used 85488K [0x00000000c0000000, 0x00000000c5700000, 0x00000000eab00000)
  object space 89088K, 95% used [0x00000000c0000000,0x00000000c537c308,0x00000000c5700000)
 Metaspace       used 49748K, committed 50688K, reserved 1097728K
  class space    used 5340K, committed 5760K, reserved 1048576K
}
Event: 68.475 GC heap before
{Heap before GC invocations=50 (full 3):
 PSYoungGen      total 28672K, used 28512K [0x00000000eab00000, 0x00000000ecc00000, 0x0000000100000000)
  eden space 25600K, 100% used [0x00000000eab00000,0x00000000ec400000,0x00000000ec400000)
  from space 3072K, 94% used [0x00000000ec680000,0x00000000ec958000,0x00000000ec980000)
  to   space 2560K, 0% used [0x00000000ec980000,0x00000000ec980000,0x00000000ecc00000)
 ParOldGen       total 89088K, used 85488K [0x00000000c0000000, 0x00000000c5700000, 0x00000000eab00000)
  object space 89088K, 95% used [0x00000000c0000000,0x00000000c537c308,0x00000000c5700000)
 Metaspace       used 49769K, committed 50688K, reserved 1097728K
  class space    used 5343K, committed 5760K, reserved 1048576K
}
Event: 69.301 GC heap after
{Heap after GC invocations=50 (full 3):
 PSYoungGen      total 27648K, used 2400K [0x00000000eab00000, 0x00000000ecc00000, 0x0000000100000000)
  eden space 25088K, 0% used [0x00000000eab00000,0x00000000eab00000,0x00000000ec380000)
  from space 2560K, 93% used [0x00000000ec980000,0x00000000ecbd8000,0x00000000ecc00000)
  to   space 3072K, 0% used [0x00000000ec600000,0x00000000ec600000,0x00000000ec900000)
 ParOldGen       total 92672K, used 91808K [0x00000000c0000000, 0x00000000c5a80000, 0x00000000eab00000)
  object space 92672K, 99% used [0x00000000c0000000,0x00000000c59a8320,0x00000000c5a80000)
 Metaspace       used 49769K, committed 50688K, reserved 1097728K
  class space    used 5343K, committed 5760K, reserved 1048576K
}
Event: 69.388 GC heap before
{Heap before GC invocations=51 (full 4):
 PSYoungGen      total 27648K, used 2400K [0x00000000eab00000, 0x00000000ecc00000, 0x0000000100000000)
  eden space 25088K, 0% used [0x00000000eab00000,0x00000000eab00000,0x00000000ec380000)
  from space 2560K, 93% used [0x00000000ec980000,0x00000000ecbd8000,0x00000000ecc00000)
  to   space 3072K, 0% used [0x00000000ec600000,0x00000000ec600000,0x00000000ec900000)
 ParOldGen       total 92672K, used 91808K [0x00000000c0000000, 0x00000000c5a80000, 0x00000000eab00000)
  object space 92672K, 99% used [0x00000000c0000000,0x00000000c59a8320,0x00000000c5a80000)
 Metaspace       used 49769K, committed 50688K, reserved 1097728K
  class space    used 5343K, committed 5760K, reserved 1048576K
}

